localhost 0:0:0:0:0:0:0:1 - - [2017-03-01 11:28:49] "GET / HTTP/1.1" 200 - "-" "Mozilla/5.0 (Windows NT 10.0; WOW64) AppleWebKit/537.36 (KHTML, like Gecko) Chrome/52.0.2743.116 Safari/537.36" -
localhost 0:0:0:0:0:0:0:1 - - [2017-03-01 11:28:51] "GET /favicon.ico HTTP/1.1" 404 295 "http://localhost/" "Mozilla/5.0 (Windows NT 10.0; WOW64) AppleWebKit/537.36 (KHTML, like Gecko) Chrome/52.0.2743.116 Safari/537.36" "JSESSIONID=spr68np161d51gykmnipu50a5"
localhost 0:0:0:0:0:0:0:1 - - [2017-03-01 11:28:56] "GET /seckill/2/detail HTTP/1.1" 200 - "http://localhost/" "Mozilla/5.0 (Windows NT 10.0; WOW64) AppleWebKit/537.36 (KHTML, like Gecko) Chrome/52.0.2743.116 Safari/537.36" "JSESSIONID=spr68np161d51gykmnipu50a5"
localhost 0:0:0:0:0:0:0:1 - - [2017-03-01 11:40:21] "GET / HTTP/1.1" 200 - "-" "Mozilla/5.0 (Windows NT 10.0; WOW64) AppleWebKit/537.36 (KHTML, like Gecko) Chrome/52.0.2743.116 Safari/537.36" "JSESSIONID=spr68np161d51gykmnipu50a5"
localhost 0:0:0:0:0:0:0:1 - - [2017-03-01 11:40:21] "GET /frame.html HTTP/1.1" 404 294 "http://localhost/" "Mozilla/5.0 (Windows NT 10.0; WOW64) AppleWebKit/537.36 (KHTML, like Gecko) Chrome/52.0.2743.116 Safari/537.36" "JSESSIONID=spr68np161d51gykmnipu50a5"
localhost 0:0:0:0:0:0:0:1 - - [2017-03-01 11:40:38] "GET / HTTP/1.1" 200 - "-" "Mozilla/5.0 (Windows NT 10.0; WOW64) AppleWebKit/537.36 (KHTML, like Gecko) Chrome/52.0.2743.116 Safari/537.36" "JSESSIONID=spr68np161d51gykmnipu50a5"
localhost 0:0:0:0:0:0:0:1 - - [2017-03-01 11:40:38] "GET /frame.html HTTP/1.1" 200 171 "http://localhost/" "Mozilla/5.0 (Windows NT 10.0; WOW64) AppleWebKit/537.36 (KHTML, like Gecko) Chrome/52.0.2743.116 Safari/537.36" "JSESSIONID=spr68np161d51gykmnipu50a5"
localhost 0:0:0:0:0:0:0:1 - - [2017-03-01 11:41:22] "GET / HTTP/1.1" 200 - "-" "Mozilla/5.0 (Windows NT 10.0; WOW64) AppleWebKit/537.36 (KHTML, like Gecko) Chrome/52.0.2743.116 Safari/537.36" "JSESSIONID=spr68np161d51gykmnipu50a5"
localhost 0:0:0:0:0:0:0:1 - - [2017-03-01 11:41:22] "GET /frame.html HTTP/1.1" 304 - "http://localhost/" "Mozilla/5.0 (Windows NT 10.0; WOW64) AppleWebKit/537.36 (KHTML, like Gecko) Chrome/52.0.2743.116 Safari/537.36" "JSESSIONID=spr68np161d51gykmnipu50a5"
localhost 0:0:0:0:0:0:0:1 - - [2017-03-01 11:41:54] "GET / HTTP/1.1" 200 - "-" "Mozilla/5.0 (Windows NT 10.0; WOW64) AppleWebKit/537.36 (KHTML, like Gecko) Chrome/52.0.2743.116 Safari/537.36" "JSESSIONID=spr68np161d51gykmnipu50a5"
localhost 0:0:0:0:0:0:0:1 - - [2017-03-01 11:41:54] "GET /frame.html HTTP/1.1" 304 - "http://localhost/" "Mozilla/5.0 (Windows NT 10.0; WOW64) AppleWebKit/537.36 (KHTML, like Gecko) Chrome/52.0.2743.116 Safari/537.36" "JSESSIONID=spr68np161d51gykmnipu50a5"
localhost 0:0:0:0:0:0:0:1 - - [2017-03-01 11:41:57] "GET /show.html HTTP/1.1" 200 151 "http://localhost/" "Mozilla/5.0 (Windows NT 10.0; WOW64) AppleWebKit/537.36 (KHTML, like Gecko) Chrome/52.0.2743.116 Safari/537.36" "JSESSIONID=spr68np161d51gykmnipu50a5"
localhost 0:0:0:0:0:0:0:1 - - [2017-03-01 13:29:17] "GET /show.html HTTP/1.1" 304 - "http://localhost/" "Mozilla/5.0 (Windows NT 10.0; WOW64) AppleWebKit/537.36 (KHTML, like Gecko) Chrome/52.0.2743.116 Safari/537.36" "JSESSIONID=spr68np161d51gykmnipu50a5"
localhost 0:0:0:0:0:0:0:1 - - [2017-03-01 13:29:41] "GET / HTTP/1.1" 200 - "-" "Mozilla/5.0 (Windows NT 10.0; WOW64) AppleWebKit/537.36 (KHTML, like Gecko) Chrome/52.0.2743.116 Safari/537.36" "JSESSIONID=spr68np161d51gykmnipu50a5"
localhost 0:0:0:0:0:0:0:1 - - [2017-03-01 13:29:42] "GET /frame.html HTTP/1.1" 304 - "http://localhost/" "Mozilla/5.0 (Windows NT 10.0; WOW64) AppleWebKit/537.36 (KHTML, like Gecko) Chrome/52.0.2743.116 Safari/537.36" "JSESSIONID=b7l9xtvl61jxbw1tglqzomwy"
localhost 0:0:0:0:0:0:0:1 - - [2017-03-01 13:32:43] "GET / HTTP/1.1" 200 - "-" "Mozilla/5.0 (Windows NT 10.0; WOW64) AppleWebKit/537.36 (KHTML, like Gecko) Chrome/52.0.2743.116 Safari/537.36" "JSESSIONID=b7l9xtvl61jxbw1tglqzomwy"
localhost 0:0:0:0:0:0:0:1 - - [2017-03-01 13:32:43] "GET /frame.html HTTP/1.1" 304 - "http://localhost/" "Mozilla/5.0 (Windows NT 10.0; WOW64) AppleWebKit/537.36 (KHTML, like Gecko) Chrome/52.0.2743.116 Safari/537.36" "JSESSIONID=b7l9xtvl61jxbw1tglqzomwy"
localhost 0:0:0:0:0:0:0:1 - - [2017-03-01 13:34:58] "GET / HTTP/1.1" 200 - "-" "Mozilla/5.0 (Windows NT 10.0; WOW64) AppleWebKit/537.36 (KHTML, like Gecko) Chrome/52.0.2743.116 Safari/537.36" "JSESSIONID=b7l9xtvl61jxbw1tglqzomwy"
localhost 0:0:0:0:0:0:0:1 - - [2017-03-01 13:34:58] "GET /frame.html HTTP/1.1" 304 - "http://localhost/" "Mozilla/5.0 (Windows NT 10.0; WOW64) AppleWebKit/537.36 (KHTML, like Gecko) Chrome/52.0.2743.116 Safari/537.36" "JSESSIONID=b7l9xtvl61jxbw1tglqzomwy"
localhost 0:0:0:0:0:0:0:1 - - [2017-03-01 13:35:16] "GET / HTTP/1.1" 200 - "-" "Mozilla/5.0 (Windows NT 10.0; WOW64) AppleWebKit/537.36 (KHTML, like Gecko) Chrome/52.0.2743.116 Safari/537.36" "JSESSIONID=b7l9xtvl61jxbw1tglqzomwy"
localhost 0:0:0:0:0:0:0:1 - - [2017-03-01 13:36:11] "GET / HTTP/1.1" 200 - "-" "Mozilla/5.0 (Windows NT 10.0; WOW64) AppleWebKit/537.36 (KHTML, like Gecko) Chrome/52.0.2743.116 Safari/537.36" "JSESSIONID=b7l9xtvl61jxbw1tglqzomwy"
localhost 0:0:0:0:0:0:0:1 - - [2017-03-01 13:36:11] "GET /frame.html HTTP/1.1" 304 - "http://localhost/" "Mozilla/5.0 (Windows NT 10.0; WOW64) AppleWebKit/537.36 (KHTML, like Gecko) Chrome/52.0.2743.116 Safari/537.36" "JSESSIONID=b7l9xtvl61jxbw1tglqzomwy"
localhost 0:0:0:0:0:0:0:1 - - [2017-03-01 13:36:20] "GET / HTTP/1.1" 200 - "-" "Mozilla/5.0 (Windows NT 10.0; WOW64) AppleWebKit/537.36 (KHTML, like Gecko) Chrome/52.0.2743.116 Safari/537.36" "JSESSIONID=b7l9xtvl61jxbw1tglqzomwy"
localhost 0:0:0:0:0:0:0:1 - - [2017-03-01 13:36:20] "GET /frame.html HTTP/1.1" 304 - "http://localhost/" "Mozilla/5.0 (Windows NT 10.0; WOW64) AppleWebKit/537.36 (KHTML, like Gecko) Chrome/52.0.2743.116 Safari/537.36" "JSESSIONID=b7l9xtvl61jxbw1tglqzomwy"
localhost 0:0:0:0:0:0:0:1 - - [2017-03-01 13:49:33] "GET /seckill/time/now HTTP/1.1" 200 - "-" "Mozilla/5.0 (Windows NT 10.0; WOW64) AppleWebKit/537.36 (KHTML, like Gecko) Chrome/52.0.2743.116 Safari/537.36" "JSESSIONID=b7l9xtvl61jxbw1tglqzomwy"
localhost 0:0:0:0:0:0:0:1 - - [2017-03-01 13:49:59] "GET /seckill/time/now HTTP/1.1" 404 294 "-" "Mozilla/5.0 (Windows NT 10.0; WOW64) AppleWebKit/537.36 (KHTML, like Gecko) Chrome/52.0.2743.116 Safari/537.36" "JSESSIONID=b7l9xtvl61jxbw1tglqzomwy"
localhost 0:0:0:0:0:0:0:1 - - [2017-03-01 13:50:06] "GET /seckill/time/now HTTP/1.1" 200 - "-" "Mozilla/5.0 (Windows NT 10.0; WOW64) AppleWebKit/537.36 (KHTML, like Gecko) Chrome/52.0.2743.116 Safari/537.36" "JSESSIONID=b7l9xtvl61jxbw1tglqzomwy"
localhost 0:0:0:0:0:0:0:1 - - [2017-03-01 14:06:13] "GET / HTTP/1.1" 200 - "-" "Mozilla/5.0 (Windows NT 10.0; WOW64) AppleWebKit/537.36 (KHTML, like Gecko) Chrome/52.0.2743.116 Safari/537.36" "JSESSIONID=b7l9xtvl61jxbw1tglqzomwy"
localhost 0:0:0:0:0:0:0:1 - - [2017-03-01 14:06:14] "GET /frame.html HTTP/1.1" 200 171 "http://localhost/" "Mozilla/5.0 (Windows NT 10.0; WOW64) AppleWebKit/537.36 (KHTML, like Gecko) Chrome/52.0.2743.116 Safari/537.36" "JSESSIONID=rgzg1slkxg8ljovxd3jmhz6i"
localhost 0:0:0:0:0:0:0:1 - - [2017-03-01 14:06:14] "GET /favicon.ico HTTP/1.1" 404 295 "http://localhost/" "Mozilla/5.0 (Windows NT 10.0; WOW64) AppleWebKit/537.36 (KHTML, like Gecko) Chrome/52.0.2743.116 Safari/537.36" "JSESSIONID=rgzg1slkxg8ljovxd3jmhz6i"
localhost 0:0:0:0:0:0:0:1 - - [2017-03-01 14:06:35] "GET /show.html HTTP/1.1" 200 326 "http://localhost/" "Mozilla/5.0 (Windows NT 10.0; WOW64) AppleWebKit/537.36 (KHTML, like Gecko) Chrome/52.0.2743.116 Safari/537.36" "JSESSIONID=rgzg1slkxg8ljovxd3jmhz6i"
localhost 0:0:0:0:0:0:0:1 - - [2017-03-01 14:33:45] "GET / HTTP/1.1" 200 - "-" "Mozilla/5.0 (Windows NT 10.0; WOW64) AppleWebKit/537.36 (KHTML, like Gecko) Chrome/52.0.2743.116 Safari/537.36" "JSESSIONID=rgzg1slkxg8ljovxd3jmhz6i"
localhost 0:0:0:0:0:0:0:1 - - [2017-03-01 14:33:51] "GET /seckill/hello HTTP/1.1" 404 297 "-" "Mozilla/5.0 (Windows NT 10.0; WOW64) AppleWebKit/537.36 (KHTML, like Gecko) Chrome/52.0.2743.116 Safari/537.36" "JSESSIONID=15blc7bvlkl2x1br2ez6mriewd"
localhost 0:0:0:0:0:0:0:1 - - [2017-03-01 14:33:57] "GET /seckill/test HTTP/1.1" 404 328 "-" "Mozilla/5.0 (Windows NT 10.0; WOW64) AppleWebKit/537.36 (KHTML, like Gecko) Chrome/52.0.2743.116 Safari/537.36" "JSESSIONID=15blc7bvlkl2x1br2ez6mriewd"
localhost 0:0:0:0:0:0:0:1 - - [2017-03-01 14:34:29] "GET /seckill/test HTTP/1.1" 200 - "-" "Mozilla/5.0 (Windows NT 10.0; WOW64) AppleWebKit/537.36 (KHTML, like Gecko) Chrome/52.0.2743.116 Safari/537.36" "JSESSIONID=15blc7bvlkl2x1br2ez6mriewd"
localhost 0:0:0:0:0:0:0:1 - - [2017-03-01 14:34:29] "GET /imges/logo.jpg HTTP/1.1" 200 57535 "http://localhost/seckill/test" "Mozilla/5.0 (Windows NT 10.0; WOW64) AppleWebKit/537.36 (KHTML, like Gecko) Chrome/52.0.2743.116 Safari/537.36" "JSESSIONID=15blc7bvlkl2x1br2ez6mriewd"
localhost 0:0:0:0:0:0:0:1 - - [2017-03-01 14:34:42] "GET /seckill/test HTTP/1.1" 200 - "-" "Mozilla/5.0 (Windows NT 10.0; WOW64) AppleWebKit/537.36 (KHTML, like Gecko) Chrome/52.0.2743.116 Safari/537.36" "JSESSIONID=15blc7bvlkl2x1br2ez6mriewd"
localhost 0:0:0:0:0:0:0:1 - - [2017-03-01 14:34:42] "GET /imges/logo.jpg HTTP/1.1" 304 - "http://localhost/seckill/test" "Mozilla/5.0 (Windows NT 10.0; WOW64) AppleWebKit/537.36 (KHTML, like Gecko) Chrome/52.0.2743.116 Safari/537.36" "JSESSIONID=15blc7bvlkl2x1br2ez6mriewd"
localhost 0:0:0:0:0:0:0:1 - - [2017-03-01 14:34:44] "GET /seckill/test HTTP/1.1" 200 - "-" "Mozilla/5.0 (Windows NT 10.0; WOW64) AppleWebKit/537.36 (KHTML, like Gecko) Chrome/52.0.2743.116 Safari/537.36" "JSESSIONID=15blc7bvlkl2x1br2ez6mriewd"
localhost 0:0:0:0:0:0:0:1 - - [2017-03-01 14:34:44] "GET /imges/logo.jpg HTTP/1.1" 304 - "http://localhost/seckill/test" "Mozilla/5.0 (Windows NT 10.0; WOW64) AppleWebKit/537.36 (KHTML, like Gecko) Chrome/52.0.2743.116 Safari/537.36" "JSESSIONID=15blc7bvlkl2x1br2ez6mriewd"
localhost 0:0:0:0:0:0:0:1 - - [2017-03-01 14:35:19] "GET /seckill/test HTTP/1.1" 200 - "-" "Mozilla/5.0 (Windows NT 10.0; WOW64) AppleWebKit/537.36 (KHTML, like Gecko) Chrome/52.0.2743.116 Safari/537.36" "JSESSIONID=15blc7bvlkl2x1br2ez6mriewd"
localhost 0:0:0:0:0:0:0:1 - - [2017-03-01 14:35:20] "GET /imges/logo.jpg HTTP/1.1" 404 298 "http://localhost/seckill/test" "Mozilla/5.0 (Windows NT 10.0; WOW64) AppleWebKit/537.36 (KHTML, like Gecko) Chrome/52.0.2743.116 Safari/537.36" "JSESSIONID=a0mqixdgjpx5s89bqk430us"
localhost 0:0:0:0:0:0:0:1 - - [2017-03-01 14:45:59] "GET / HTTP/1.1" 200 - "-" "Mozilla/5.0 (Windows NT 10.0; WOW64) AppleWebKit/537.36 (KHTML, like Gecko) Chrome/52.0.2743.116 Safari/537.36" "JSESSIONID=a0mqixdgjpx5s89bqk430us"
localhost 0:0:0:0:0:0:0:1 - - [2017-03-01 14:46:18] "GET /seckill/test HTTP/1.1" 200 - "-" "Mozilla/5.0 (Windows NT 10.0; WOW64) AppleWebKit/537.36 (KHTML, like Gecko) Chrome/52.0.2743.116 Safari/537.36" "JSESSIONID=1vn9qmzmd2gupchhhksjm78s2"
localhost 0:0:0:0:0:0:0:1 - - [2017-03-01 14:46:41] "GET /seckill/test HTTP/1.1" 200 - "-" "Mozilla/5.0 (Windows NT 10.0; WOW64) AppleWebKit/537.36 (KHTML, like Gecko) Chrome/52.0.2743.116 Safari/537.36" "JSESSIONID=1vn9qmzmd2gupchhhksjm78s2"
localhost 0:0:0:0:0:0:0:1 - - [2017-03-01 14:47:58] "GET /seckill/test HTTP/1.1" 200 - "-" "Mozilla/5.0 (Windows NT 10.0; WOW64) AppleWebKit/537.36 (KHTML, like Gecko) Chrome/52.0.2743.116 Safari/537.36" "JSESSIONID=1vn9qmzmd2gupchhhksjm78s2"
localhost 0:0:0:0:0:0:0:1 - - [2017-03-01 14:48:02] "GET /seckill/test HTTP/1.1" 200 - "-" "Mozilla/5.0 (Windows NT 10.0; WOW64) AppleWebKit/537.36 (KHTML, like Gecko) Chrome/52.0.2743.116 Safari/537.36" "JSESSIONID=iayflihrs3041f3h7r8jwta1m"
localhost 0:0:0:0:0:0:0:1 - - [2017-03-01 14:48:19] "GET / HTTP/1.1" 200 - "-" "Mozilla/5.0 (Windows NT 10.0; WOW64) AppleWebKit/537.36 (KHTML, like Gecko) Chrome/52.0.2743.116 Safari/537.36" "JSESSIONID=iayflihrs3041f3h7r8jwta1m"
localhost 0:0:0:0:0:0:0:1 - - [2017-03-01 14:49:25] "GET / HTTP/1.1" 200 - "-" "Mozilla/5.0 (Windows NT 10.0; WOW64) AppleWebKit/537.36 (KHTML, like Gecko) Chrome/52.0.2743.116 Safari/537.36" "JSESSIONID=iayflihrs3041f3h7r8jwta1m"
localhost 0:0:0:0:0:0:0:1 - - [2017-03-01 14:49:28] "GET / HTTP/1.1" 200 - "-" "Mozilla/5.0 (Windows NT 10.0; WOW64) AppleWebKit/537.36 (KHTML, like Gecko) Chrome/52.0.2743.116 Safari/537.36" "JSESSIONID=iayflihrs3041f3h7r8jwta1m"
localhost 0:0:0:0:0:0:0:1 - - [2017-03-01 14:49:29] "GET / HTTP/1.1" 200 - "-" "Mozilla/5.0 (Windows NT 10.0; WOW64) AppleWebKit/537.36 (KHTML, like Gecko) Chrome/52.0.2743.116 Safari/537.36" "JSESSIONID=iayflihrs3041f3h7r8jwta1m"
localhost 0:0:0:0:0:0:0:1 - - [2017-03-01 14:49:35] "GET /demo/test HTTP/1.1" 404 293 "-" "Mozilla/5.0 (Windows NT 10.0; WOW64) AppleWebKit/537.36 (KHTML, like Gecko) Chrome/52.0.2743.116 Safari/537.36" "JSESSIONID=iayflihrs3041f3h7r8jwta1m"
localhost 0:0:0:0:0:0:0:1 - - [2017-03-01 14:54:17] "GET / HTTP/1.1" 200 - "-" "Mozilla/5.0 (Windows NT 10.0; WOW64) AppleWebKit/537.36 (KHTML, like Gecko) Chrome/52.0.2743.116 Safari/537.36" "JSESSIONID=iayflihrs3041f3h7r8jwta1m"
localhost 0:0:0:0:0:0:0:1 - - [2017-03-01 15:09:54] "GET / HTTP/1.1" 200 - "-" "Mozilla/5.0 (Windows NT 10.0; WOW64) AppleWebKit/537.36 (KHTML, like Gecko) Chrome/52.0.2743.116 Safari/537.36" "JSESSIONID=r5glj2jar4zr42yq6x2fuc0h"
localhost 0:0:0:0:0:0:0:1 - - [2017-03-01 15:12:20] "GET / HTTP/1.1" 200 - "-" "Mozilla/5.0 (Windows NT 10.0; WOW64) AppleWebKit/537.36 (KHTML, like Gecko) Chrome/52.0.2743.116 Safari/537.36" "JSESSIONID=r5glj2jar4zr42yq6x2fuc0h"
localhost 0:0:0:0:0:0:0:1 - - [2017-03-01 15:13:35] "GET / HTTP/1.1" 200 - "-" "Mozilla/5.0 (Windows NT 10.0; WOW64) AppleWebKit/537.36 (KHTML, like Gecko) Chrome/52.0.2743.116 Safari/537.36" "JSESSIONID=r5glj2jar4zr42yq6x2fuc0h"
localhost 0:0:0:0:0:0:0:1 - - [2017-03-01 15:13:45] "GET / HTTP/1.1" 200 - "-" "Mozilla/5.0 (Windows NT 10.0; WOW64) AppleWebKit/537.36 (KHTML, like Gecko) Chrome/52.0.2743.116 Safari/537.36" "JSESSIONID=r5glj2jar4zr42yq6x2fuc0h"
localhost 0:0:0:0:0:0:0:1 - - [2017-03-01 15:13:46] "GET / HTTP/1.1" 200 - "-" "Mozilla/5.0 (Windows NT 10.0; WOW64) AppleWebKit/537.36 (KHTML, like Gecko) Chrome/52.0.2743.116 Safari/537.36" "JSESSIONID=r5glj2jar4zr42yq6x2fuc0h"
localhost 0:0:0:0:0:0:0:1 - - [2017-03-01 15:13:46] "GET / HTTP/1.1" 200 - "-" "Mozilla/5.0 (Windows NT 10.0; WOW64) AppleWebKit/537.36 (KHTML, like Gecko) Chrome/52.0.2743.116 Safari/537.36" "JSESSIONID=r5glj2jar4zr42yq6x2fuc0h"
localhost 0:0:0:0:0:0:0:1 - - [2017-03-01 15:13:46] "GET / HTTP/1.1" 200 - "-" "Mozilla/5.0 (Windows NT 10.0; WOW64) AppleWebKit/537.36 (KHTML, like Gecko) Chrome/52.0.2743.116 Safari/537.36" "JSESSIONID=r5glj2jar4zr42yq6x2fuc0h"
localhost 0:0:0:0:0:0:0:1 - - [2017-03-01 15:13:56] "GET /index.jsp HTTP/1.1" 200 - "-" "Mozilla/5.0 (Windows NT 10.0; WOW64) AppleWebKit/537.36 (KHTML, like Gecko) Chrome/52.0.2743.116 Safari/537.36" "JSESSIONID=r5glj2jar4zr42yq6x2fuc0h"
localhost 0:0:0:0:0:0:0:1 - - [2017-03-01 15:14:09] "GET /demo/test HTTP/1.1" 404 293 "-" "Mozilla/5.0 (Windows NT 10.0; WOW64) AppleWebKit/537.36 (KHTML, like Gecko) Chrome/52.0.2743.116 Safari/537.36" "JSESSIONID=r5glj2jar4zr42yq6x2fuc0h"
localhost 0:0:0:0:0:0:0:1 - - [2017-03-01 15:14:11] "GET /seckill/hello HTTP/1.1" 404 297 "-" "Mozilla/5.0 (Windows NT 10.0; WOW64) AppleWebKit/537.36 (KHTML, like Gecko) Chrome/52.0.2743.116 Safari/537.36" "JSESSIONID=r5glj2jar4zr42yq6x2fuc0h"
localhost 0:0:0:0:0:0:0:1 - - [2017-03-01 15:14:13] "GET / HTTP/1.1" 200 - "-" "Mozilla/5.0 (Windows NT 10.0; WOW64) AppleWebKit/537.36 (KHTML, like Gecko) Chrome/52.0.2743.116 Safari/537.36" "JSESSIONID=r5glj2jar4zr42yq6x2fuc0h"
